# JRE version: OpenJDK Runtime Environment (21.0.7) (build 21.0.7+-13880790-b1038.58)
# Java VM: OpenJDK 64-Bit Server VM (21.0.7+-13880790-b1038.58, mixed mode, tiered, compressed oops, compressed class ptrs, g1 gc, windows-amd64)
GC Precious Log:
 CardTable entry size: 512
 Card Set container configuration: InlinePtr #cards 5 size 8 Array Of Cards #cards 12 size 40 Howl #buckets 4 coarsen threshold 1843 Howl Bitmap #cards 512 size 80 coarsen threshold 460 Card regions per heap region 1 cards per card region 2048
 CPUs: 8 total, 8 available
 Memory: 7997M
 Large Page Support: Disabled
 NUMA Support: Disabled
 Compressed Oops: Enabled (32-bit)
 Heap Region Size: 1M
 Heap Min Capacity: 8M
 Heap Initial Capacity: 126M
 Heap Max Capacity: 2G
 Pre-touch: Disabled
 Parallel Workers: 8
 Concurrent Workers: 2
 Concurrent Refinement Workers: 8
 Periodic GC: Disabled
Heap:
 garbage-first heap   total 428032K, used 239602K [0x0000000080000000, 0x0000000100000000)
  region size 1024K, 1 young (1024K), 1 survivors (1024K)
 Metaspace       used 173591K, committed 178944K, reserved 1245184K
  class space    used 22937K, committed 24960K, reserved 1048576K
GC Heap History (20 events):
Event: 881.688 GC heap after
{Heap after GC invocations=70 (full 0):
 garbage-first heap   total 394240K, used 216863K [0x0000000080000000, 0x0000000100000000)
  region size 1024K, 21 young (21504K), 21 survivors (21504K)
 Metaspace       used 175883K, committed 178368K, reserved 1245184K
  class space    used 23645K, committed 24896K, reserved 1048576K
}
Event: 1992.936 GC heap before
{Heap before GC invocations=70 (full 0):
 garbage-first heap   total 394240K, used 392991K [0x0000000080000000, 0x0000000100000000)
  region size 1024K, 140 young (143360K), 21 survivors (21504K)
 Metaspace       used 176139K, committed 178624K, reserved 1245184K
  class space    used 23645K, committed 24896K, reserved 1048576K
}
Event: 1994.492 GC heap after
{Heap after GC invocations=71 (full 0):
 garbage-first heap   total 428032K, used 207701K [0x0000000080000000, 0x0000000100000000)
  region size 1024K, 5 young (5120K), 5 survivors (5120K)
 Metaspace       used 176139K, committed 178624K, reserved 1245184K
  class space    used 23645K, committed 24896K, reserved 1048576K
}
Event: 2447.911 GC heap before
{Heap before GC invocations=71 (full 0):
 garbage-first heap   total 428032K, used 318293K [0x0000000080000000, 0x0000000100000000)
  region size 1024K, 115 young (117760K), 5 survivors (5120K)
 Metaspace       used 176332K, committed 178944K, reserved 1245184K
  class space    used 23648K, committed 24960K, reserved 1048576K
}
Event: 2448.286 GC heap after
{Heap after GC invocations=72 (full 0):
 garbage-first heap   total 428032K, used 217415K [0x0000000080000000, 0x0000000100000000)
  region size 1024K, 15 young (15360K), 15 survivors (15360K)
 Metaspace       used 176332K, committed 178944K, reserved 1245184K
  class space    used 23648K, committed 24960K, reserved 1048576K
}
Event: 2449.359 GC heap before
{Heap before GC invocations=72 (full 0):
 garbage-first heap   total 428032K, used 225607K [0x0000000080000000, 0x0000000100000000)
  region size 1024K, 20 young (20480K), 15 survivors (15360K)
 Metaspace       used 176332K, committed 178944K, reserved 1245184K
  class space    used 23648K, committed 24960K, reserved 1048576K
}
Event: 2449.725 GC heap after
{Heap after GC invocations=73 (full 0):
 garbage-first heap   total 428032K, used 225592K [0x0000000080000000, 0x0000000100000000)
  region size 1024K, 3 young (3072K), 3 survivors (3072K)
 Metaspace       used 176332K, committed 178944K, reserved 1245184K
  class space    used 23648K, committed 24960K, reserved 1048576K
}
Event: 2451.002 GC heap before
{Heap before GC invocations=73 (full 0):
 garbage-first heap   total 428032K, used 243000K [0x0000000080000000, 0x0000000100000000)
  region size 1024K, 20 young (20480K), 3 survivors (3072K)
 Metaspace       used 176333K, committed 178944K, reserved 1245184K
  class space    used 23648K, committed 24960K, reserved 1048576K
}
Event: 2451.122 GC heap after
{Heap after GC invocations=74 (full 0):
 garbage-first heap   total 428032K, used 241995K [0x0000000080000000, 0x0000000100000000)
  region size 1024K, 3 young (3072K), 3 survivors (3072K)
 Metaspace       used 176333K, committed 178944K, reserved 1245184K
  class space    used 23648K, committed 24960K, reserved 1048576K
}
Event: 2454.122 GC heap before
{Heap before GC invocations=74 (full 0):
 garbage-first heap   total 428032K, used 259403K [0x0000000080000000, 0x0000000100000000)
  region size 1024K, 20 young (20480K), 3 survivors (3072K)
 Metaspace       used 176340K, committed 178944K, reserved 1245184K
  class space    used 23648K, committed 24960K, reserved 1048576K
}
Event: 2454.182 GC heap after
{Heap after GC invocations=75 (full 0):
 garbage-first heap   total 428032K, used 247144K [0x0000000080000000, 0x0000000100000000)
  region size 1024K, 3 young (3072K), 3 survivors (3072K)
 Metaspace       used 176340K, committed 178944K, reserved 1245184K
  class space    used 23648K, committed 24960K, reserved 1048576K
}
Event: 2464.248 GC heap before
{Heap before GC invocations=75 (full 0):
 garbage-first heap   total 428032K, used 288104K [0x0000000080000000, 0x0000000100000000)
  region size 1024K, 20 young (20480K), 3 survivors (3072K)
 Metaspace       used 173441K, committed 178944K, reserved 1245184K
  class space    used 22933K, committed 24960K, reserved 1048576K
}
Event: 2464.424 GC heap after
{Heap after GC invocations=76 (full 0):
 garbage-first heap   total 428032K, used 249154K [0x0000000080000000, 0x0000000100000000)
  region size 1024K, 3 young (3072K), 3 survivors (3072K)
 Metaspace       used 173441K, committed 178944K, reserved 1245184K
  class space    used 22933K, committed 24960K, reserved 1048576K
}
Event: 2466.658 GC heap before
{Heap before GC invocations=77 (full 0):
 garbage-first heap   total 428032K, used 265538K [0x0000000080000000, 0x0000000100000000)
  region size 1024K, 20 young (20480K), 3 survivors (3072K)
 Metaspace       used 173545K, committed 178944K, reserved 1245184K
  class space    used 22937K, committed 24960K, reserved 1048576K
}
Event: 2466.692 GC heap after
{Heap after GC invocations=78 (full 0):
 garbage-first heap   total 428032K, used 250607K [0x0000000080000000, 0x0000000100000000)
  region size 1024K, 2 young (2048K), 2 survivors (2048K)
 Metaspace       used 173545K, committed 178944K, reserved 1245184K
  class space    used 22937K, committed 24960K, reserved 1048576K
}
Event: 2483.546 GC heap before
{Heap before GC invocations=78 (full 0):
 garbage-first heap   total 428032K, used 279279K [0x0000000080000000, 0x0000000100000000)
  region size 1024K, 30 young (30720K), 2 survivors (2048K)
 Metaspace       used 173583K, committed 178944K, reserved 1245184K
  class space    used 22937K, committed 24960K, reserved 1048576K
}
Event: 2483.609 GC heap after
{Heap after GC invocations=79 (full 0):
 garbage-first heap   total 428032K, used 248119K [0x0000000080000000, 0x0000000100000000)
  region size 1024K, 4 young (4096K), 4 survivors (4096K)
 Metaspace       used 173583K, committed 178944K, reserved 1245184K
  class space    used 22937K, committed 24960K, reserved 1048576K
}
Event: 2484.014 GC heap before
{Heap before GC invocations=79 (full 0):
 garbage-first heap   total 428032K, used 263479K [0x0000000080000000, 0x0000000100000000)
  region size 1024K, 20 young (20480K), 4 survivors (4096K)
 Metaspace       used 173584K, committed 178944K, reserved 1245184K
  class space    used 22937K, committed 24960K, reserved 1048576K
}
Event: 2484.069 GC heap after
{Heap after GC invocations=80 (full 0):
 garbage-first heap   total 428032K, used 244843K [0x0000000080000000, 0x0000000100000000)
  region size 1024K, 3 young (3072K), 3 survivors (3072K)
 Metaspace       used 173584K, committed 178944K, reserved 1245184K
  class space    used 22937K, committed 24960K, reserved 1048576K
}
Event: 2484.852 GC heap before
{Heap before GC invocations=80 (full 0):
 garbage-first heap   total 428032K, used 261227K [0x0000000080000000, 0x0000000100000000)
  region size 1024K, 20 young (20480K), 3 survivors (3072K)
 Metaspace       used 173591K, committed 178944K, reserved 1245184K
  class space    used 22937K, committed 24960K, reserved 1048576K
}

