# JRE version: OpenJDK Runtime Environment (21.0.7) (build 21.0.7+-13880790-b1038.58)
# Java VM: OpenJDK 64-Bit Server VM (21.0.7+-13880790-b1038.58, mixed mode, tiered, compressed oops, compressed class ptrs, g1 gc, windows-amd64)
GC Precious Log:
 CardTable entry size: 512
 Card Set container configuration: InlinePtr #cards 5 size 8 Array Of Cards #cards 12 size 40 Howl #buckets 4 coarsen threshold 1843 Howl Bitmap #cards 512 size 80 coarsen threshold 460 Card regions per heap region 1 cards per card region 2048
 CPUs: 8 total, 8 available
 Memory: 7997M
 Large Page Support: Disabled
 NUMA Support: Disabled
 Compressed Oops: Enabled (32-bit)
 Heap Region Size: 1M
 Heap Min Capacity: 8M
 Heap Initial Capacity: 126M
 Heap Max Capacity: 2G
 Pre-touch: Disabled
 Parallel Workers: 8
 Concurrent Workers: 2
 Concurrent Refinement Workers: 8
 Periodic GC: Disabled
Heap:
 garbage-first heap   total 470016K, used 426218K [0x0000000080000000, 0x0000000100000000)
  region size 1024K, 144 young (147456K), 7 survivors (7168K)
 Metaspace       used 185673K, committed 188288K, reserved 1245184K
  class space    used 23802K, committed 25088K, reserved 1048576K
GC Heap History (20 events):
Event: 37.689 GC heap before
{Heap before GC invocations=72 (full 0):
 garbage-first heap   total 405504K, used 369727K [0x0000000080000000, 0x0000000100000000)
  region size 1024K, 148 young (151552K), 7 survivors (7168K)
 Metaspace       used 161952K, committed 164288K, reserved 1245184K
  class space    used 20874K, committed 22016K, reserved 1048576K
}
Event: 37.701 GC heap after
{Heap after GC invocations=73 (full 0):
 garbage-first heap   total 405504K, used 228275K [0x0000000080000000, 0x0000000100000000)
  region size 1024K, 10 young (10240K), 10 survivors (10240K)
 Metaspace       used 161952K, committed 164288K, reserved 1245184K
  class space    used 20874K, committed 22016K, reserved 1048576K
}
Event: 39.211 GC heap before
{Heap before GC invocations=73 (full 0):
 garbage-first heap   total 405504K, used 375731K [0x0000000080000000, 0x0000000100000000)
  region size 1024K, 151 young (154624K), 10 survivors (10240K)
 Metaspace       used 162048K, committed 164416K, reserved 1245184K
  class space    used 20875K, committed 22016K, reserved 1048576K
}
Event: 39.226 GC heap after
{Heap after GC invocations=74 (full 0):
 garbage-first heap   total 405504K, used 225908K [0x0000000080000000, 0x0000000100000000)
  region size 1024K, 15 young (15360K), 15 survivors (15360K)
 Metaspace       used 162048K, committed 164416K, reserved 1245184K
  class space    used 20875K, committed 22016K, reserved 1048576K
}
Event: 40.217 GC heap before
{Heap before GC invocations=74 (full 0):
 garbage-first heap   total 405504K, used 368244K [0x0000000080000000, 0x0000000100000000)
  region size 1024K, 154 young (157696K), 15 survivors (15360K)
 Metaspace       used 162125K, committed 164480K, reserved 1245184K
  class space    used 20877K, committed 22016K, reserved 1048576K
}
Event: 40.238 GC heap after
{Heap after GC invocations=75 (full 0):
 garbage-first heap   total 405504K, used 228204K [0x0000000080000000, 0x0000000100000000)
  region size 1024K, 12 young (12288K), 12 survivors (12288K)
 Metaspace       used 162125K, committed 164480K, reserved 1245184K
  class space    used 20877K, committed 22016K, reserved 1048576K
}
Event: 40.663 GC heap before
{Heap before GC invocations=76 (full 0):
 garbage-first heap   total 405504K, used 370540K [0x0000000080000000, 0x0000000100000000)
  region size 1024K, 151 young (154624K), 12 survivors (12288K)
 Metaspace       used 162125K, committed 164480K, reserved 1245184K
  class space    used 20877K, committed 22016K, reserved 1048576K
}
Event: 40.672 GC heap after
{Heap after GC invocations=77 (full 0):
 garbage-first heap   total 405504K, used 229276K [0x0000000080000000, 0x0000000100000000)
  region size 1024K, 6 young (6144K), 6 survivors (6144K)
 Metaspace       used 162125K, committed 164480K, reserved 1245184K
  class space    used 20877K, committed 22016K, reserved 1048576K
}
Event: 41.598 GC heap before
{Heap before GC invocations=77 (full 0):
 garbage-first heap   total 405504K, used 384924K [0x0000000080000000, 0x0000000100000000)
  region size 1024K, 150 young (153600K), 6 survivors (6144K)
 Metaspace       used 162250K, committed 164544K, reserved 1245184K
  class space    used 20895K, committed 22016K, reserved 1048576K
}
Event: 41.618 GC heap after
{Heap after GC invocations=78 (full 0):
 garbage-first heap   total 411648K, used 240168K [0x0000000080000000, 0x0000000100000000)
  region size 1024K, 19 young (19456K), 19 survivors (19456K)
 Metaspace       used 162250K, committed 164544K, reserved 1245184K
  class space    used 20895K, committed 22016K, reserved 1048576K
}
Event: 41.659 GC heap before
{Heap before GC invocations=78 (full 0):
 garbage-first heap   total 411648K, used 244264K [0x0000000080000000, 0x0000000100000000)
  region size 1024K, 24 young (24576K), 19 survivors (19456K)
 Metaspace       used 162276K, committed 164544K, reserved 1245184K
  class space    used 20895K, committed 22016K, reserved 1048576K
}
Event: 41.669 GC heap after
{Heap after GC invocations=79 (full 0):
 garbage-first heap   total 411648K, used 244675K [0x0000000080000000, 0x0000000100000000)
  region size 1024K, 3 young (3072K), 3 survivors (3072K)
 Metaspace       used 162276K, committed 164544K, reserved 1245184K
  class space    used 20895K, committed 22016K, reserved 1048576K
}
Event: 46.314 GC heap before
{Heap before GC invocations=80 (full 0):
 garbage-first heap   total 421888K, used 400323K [0x0000000080000000, 0x0000000100000000)
  region size 1024K, 141 young (144384K), 3 survivors (3072K)
 Metaspace       used 168120K, committed 170624K, reserved 1245184K
  class space    used 21515K, committed 22720K, reserved 1048576K
}
Event: 46.324 GC heap after
{Heap after GC invocations=81 (full 0):
 garbage-first heap   total 421888K, used 272796K [0x0000000080000000, 0x0000000100000000)
  region size 1024K, 18 young (18432K), 18 survivors (18432K)
 Metaspace       used 168120K, committed 170624K, reserved 1245184K
  class space    used 21515K, committed 22720K, reserved 1048576K
}
Event: 47.963 GC heap before
{Heap before GC invocations=81 (full 0):
 garbage-first heap   total 421888K, used 385436K [0x0000000080000000, 0x0000000100000000)
  region size 1024K, 123 young (125952K), 18 survivors (18432K)
 Metaspace       used 176390K, committed 178944K, reserved 1245184K
  class space    used 22613K, committed 23872K, reserved 1048576K
}
Event: 47.981 GC heap after
{Heap after GC invocations=82 (full 0):
 garbage-first heap   total 421888K, used 278791K [0x0000000080000000, 0x0000000100000000)
  region size 1024K, 9 young (9216K), 9 survivors (9216K)
 Metaspace       used 176390K, committed 178944K, reserved 1245184K
  class space    used 22613K, committed 23872K, reserved 1048576K
}
Event: 49.123 GC heap before
{Heap before GC invocations=82 (full 0):
 garbage-first heap   total 421888K, used 311559K [0x0000000080000000, 0x0000000100000000)
  region size 1024K, 42 young (43008K), 9 survivors (9216K)
 Metaspace       used 179809K, committed 182400K, reserved 1245184K
  class space    used 23052K, committed 24320K, reserved 1048576K
}
Event: 49.132 GC heap after
{Heap after GC invocations=83 (full 0):
 garbage-first heap   total 421888K, used 279712K [0x0000000080000000, 0x0000000100000000)
  region size 1024K, 10 young (10240K), 10 survivors (10240K)
 Metaspace       used 179809K, committed 182400K, reserved 1245184K
  class space    used 23052K, committed 24320K, reserved 1048576K
}
Event: 53.760 GC heap before
{Heap before GC invocations=84 (full 0):
 garbage-first heap   total 470016K, used 388256K [0x0000000080000000, 0x0000000100000000)
  region size 1024K, 114 young (116736K), 10 survivors (10240K)
 Metaspace       used 185293K, committed 187968K, reserved 1245184K
  class space    used 23795K, committed 25088K, reserved 1048576K
}
Event: 53.827 GC heap after
{Heap after GC invocations=85 (full 0):
 garbage-first heap   total 470016K, used 285930K [0x0000000080000000, 0x0000000100000000)
  region size 1024K, 7 young (7168K), 7 survivors (7168K)
 Metaspace       used 185293K, committed 187968K, reserved 1245184K
  class space    used 23795K, committed 25088K, reserved 1048576K
}

